{"numTotalTestSuites":5,"numPassedTestSuites":0,"numFailedTestSuites":5,"numPendingTestSuites":0,"numTotalTests":3,"numPassedTests":0,"numFailedTests":3,"numPendingTests":0,"numTodoTests":0,"snapshot":{"added":0,"failure":false,"filesAdded":0,"filesRemoved":0,"filesRemovedList":[],"filesUnmatched":0,"filesUpdated":0,"matched":0,"total":0,"unchecked":0,"uncheckedKeysByFile":[],"unmatched":0,"updated":0,"didUpdate":false},"startTime":1782940675300,"success":false,"testResults":[{"assertionResults":[],"startTime":1782940675300,"endTime":1782940675300,"status":"failed","message":"Transform failed with 1 error:\n\n\u001b[31m[PARSE_ERROR] \u001b[0mUnexpected JSX expression\n    \u001b[38;5;246m╭\u001b[0m\u001b[38;5;246m─\u001b[0m\u001b[38;5;246m[\u001b[0m context/CompareContext.js:35:5 \u001b[38;5;246m]\u001b[0m\n    \u001b[38;5;246m│\u001b[0m\n \u001b[38;5;246m35 │\u001b[0m \u001b[38;5;249m \u001b[0m\u001b[38;5;249m \u001b[0m\u001b[38;5;249m \u001b[0m\u001b[38;5;249m \u001b[0m<\u001b[38;5;249mC\u001b[0m\u001b[38;5;249mo\u001b[0m\u001b[38;5;249mm\u001b[0m\u001b[38;5;249mp\u001b[0m\u001b[38;5;249ma\u001b[0m\u001b[38;5;249mr\u001b[0m\u001b[38;5;249me\u001b[0m\u001b[38;5;249mC\u001b[0m\u001b[38;5;249mo\u001b[0m\u001b[38;5;249mn\u001b[0m\u001b[38;5;249mt\u001b[0m\u001b[38;5;249me\u001b[0m\u001b[38;5;249mx\u001b[0m\u001b[38;5;249mt\u001b[0m\u001b[38;5;249m.\u001b[0m\u001b[38;5;249mP\u001b[0m\u001b[38;5;249mr\u001b[0m\u001b[38;5;249mo\u001b[0m\u001b[38;5;249mv\u001b[0m\u001b[38;5;249mi\u001b[0m\u001b[38;5;249md\u001b[0m\u001b[38;5;249me\u001b[0m\u001b[38;5;249mr\u001b[0m\n \u001b[38;5;240m   │\u001b[0m     ┬  \n \u001b[38;5;240m   │\u001b[0m     ╰── \n \u001b[38;5;240m   │\u001b[0m \n \u001b[38;5;240m   │\u001b[0m \u001b[38;5;115mHelp\u001b[0m: JSX syntax is disabled and should be enabled via the parser options\n\u001b[38;5;246m────╯\u001b[0m\n","name":"/home/leonard/Desktop/Web Development/mordern-web/sphinix-mobile/__tests__/CompareContext.test.jsx"},{"assertionResults":[],"startTime":1782940675300,"endTime":1782940675300,"status":"failed","message":"Transform failed with 1 error:\n\n\u001b[31m[PARSE_ERROR] \u001b[0mUnexpected JSX expression\n    \u001b[38;5;246m╭\u001b[0m\u001b[38;5;246m─\u001b[0m\u001b[38;5;246m[\u001b[0m context/CompareContext.js:35:5 \u001b[38;5;246m]\u001b[0m\n    \u001b[38;5;246m│\u001b[0m\n \u001b[38;5;246m35 │\u001b[0m \u001b[38;5;249m \u001b[0m\u001b[38;5;249m \u001b[0m\u001b[38;5;249m \u001b[0m\u001b[38;5;249m \u001b[0m<\u001b[38;5;249mC\u001b[0m\u001b[38;5;249mo\u001b[0m\u001b[38;5;249mm\u001b[0m\u001b[38;5;249mp\u001b[0m\u001b[38;5;249ma\u001b[0m\u001b[38;5;249mr\u001b[0m\u001b[38;5;249me\u001b[0m\u001b[38;5;249mC\u001b[0m\u001b[38;5;249mo\u001b[0m\u001b[38;5;249mn\u001b[0m\u001b[38;5;249mt\u001b[0m\u001b[38;5;249me\u001b[0m\u001b[38;5;249mx\u001b[0m\u001b[38;5;249mt\u001b[0m\u001b[38;5;249m.\u001b[0m\u001b[38;5;249mP\u001b[0m\u001b[38;5;249mr\u001b[0m\u001b[38;5;249mo\u001b[0m\u001b[38;5;249mv\u001b[0m\u001b[38;5;249mi\u001b[0m\u001b[38;5;249md\u001b[0m\u001b[38;5;249me\u001b[0m\u001b[38;5;249mr\u001b[0m\n \u001b[38;5;240m   │\u001b[0m     ┬  \n \u001b[38;5;240m   │\u001b[0m     ╰── \n \u001b[38;5;240m   │\u001b[0m \n \u001b[38;5;240m   │\u001b[0m \u001b[38;5;115mHelp\u001b[0m: JSX syntax is disabled and should be enabled via the parser options\n\u001b[38;5;246m────╯\u001b[0m\n","name":"/home/leonard/Desktop/Web Development/mordern-web/sphinix-mobile/__tests__/CompareDrawer.test.jsx"},{"assertionResults":[],"startTime":1782940675300,"endTime":1782940675300,"status":"failed","message":"Cannot find module '/home/leonard/Desktop/Web Development/mordern-web/sphinix-mobile/node_modules/next/navigation' imported from /home/leonard/Desktop/Web Development/mordern-web/sphinix-mobile/node_modules/@teispace/next-themes/dist/index.js\nDid you mean to import \"next/navigation.js\"?","name":"/home/leonard/Desktop/Web Development/mordern-web/sphinix-mobile/__tests__/Navbar.test.jsx"},{"assertionResults":[{"ancestorTitles":["Search Component"],"fullName":"Search Component renders search input","status":"failed","title":"renders search input","duration":65.3882779999999,"failureMessages":["TestingLibraryElementError: Unable to find an element with the placeholder text of: /Search devices, laptops/i\n\nIgnored nodes: comments, script, style\n\u001b[36m<body>\u001b[39m\n  \u001b[36m<div>\u001b[39m\n    \u001b[36m<div\u001b[39m\n      \u001b[33mclass\u001b[39m=\u001b[32m\"rounded-2xl bg-white dark:bg-slate-900 border border-slate-200 dark:border-slate-800 p-5 space-y-4 shadow-sm relative z-40\"\u001b[39m\n    \u001b[36m>\u001b[39m\n      \u001b[36m<h3\u001b[39m\n        \u001b[33mclass\u001b[39m=\u001b[32m\"text-base font-bold text-slate-900 dark:text-white tracking-tight\"\u001b[39m\n      \u001b[36m>\u001b[39m\n        \u001b[0mSearch Database\u001b[0m\n      \u001b[36m</h3>\u001b[39m\n      \u001b[36m<div\u001b[39m\n        \u001b[33mclass\u001b[39m=\u001b[32m\"relative\"\u001b[39m\n      \u001b[36m>\u001b[39m\n        \u001b[36m<input\u001b[39m\n          \u001b[33mclass\u001b[39m=\u001b[32m\"min-w-0 border px-2.5 py-1 outline-none file:inline-flex file:h-6 file:border-0 file:bg-transparent file:text-sm file:font-medium file:text-foreground focus-visible:border-ring disabled:pointer-events-none disabled:cursor-not-allowed disabled:bg-input/50 disabled:opacity-50 aria-invalid:border-destructive aria-invalid:ring-3 aria-invalid:ring-destructive/20 md:text-sm dark:disabled:bg-input/80 dark:aria-invalid:border-destructive/50 dark:aria-invalid:ring-destructive/40 w-full bg-slate-50 dark:bg-slate-950 border-slate-200 dark:border-slate-800 rounded-xl h-12 pl-10 pr-16 text-sm text-slate-800 dark:text-slate-100 placeholder:text-slate-500 focus-visible:ring-1 focus-visible:ring-brand-500 transition-colors\"\u001b[39m\n          \u001b[33mdata-slot\u001b[39m=\u001b[32m\"input\"\u001b[39m\n          \u001b[33mid\u001b[39m=\u001b[32m\"base-ui-_r_0_\"\u001b[39m\n          \u001b[33mplaceholder\u001b[39m=\u001b[32m\"Search model, brand, processor...\"\u001b[39m\n          \u001b[33mtype\u001b[39m=\u001b[32m\"text\"\u001b[39m\n          \u001b[33mvalue\u001b[39m=\u001b[32m\"\"\u001b[39m\n        \u001b[36m/>\u001b[39m\n        \u001b[36m<svg\u001b[39m\n          \u001b[33maria-hidden\u001b[39m=\u001b[32m\"true\"\u001b[39m\n          \u001b[33mclass\u001b[39m=\u001b[32m\"lucide lucide-search absolute left-3.5 top-1/2 -translate-y-1/2 w-4 h-4 text-slate-500\"\u001b[39m\n          \u001b[33mfill\u001b[39m=\u001b[32m\"none\"\u001b[39m\n          \u001b[33mheight\u001b[39m=\u001b[32m\"24\"\u001b[39m\n          \u001b[33mstroke\u001b[39m=\u001b[32m\"currentColor\"\u001b[39m\n          \u001b[33mstroke-linecap\u001b[39m=\u001b[32m\"round\"\u001b[39m\n          \u001b[33mstroke-linejoin\u001b[39m=\u001b[32m\"round\"\u001b[39m\n          \u001b[33mstroke-width\u001b[39m=\u001b[32m\"2\"\u001b[39m\n          \u001b[33mviewBox\u001b[39m=\u001b[32m\"0 0 24 24\"\u001b[39m\n          \u001b[33mwidth\u001b[39m=\u001b[32m\"24\"\u001b[39m\n          \u001b[33mxmlns\u001b[39m=\u001b[32m\"http://www.w3.org/2000/svg\"\u001b[39m\n        \u001b[36m>\u001b[39m\n          \u001b[36m<path\u001b[39m\n            \u001b[33md\u001b[39m=\u001b[32m\"m21 21-4.34-4.34\"\u001b[39m\n          \u001b[36m/>\u001b[39m\n          \u001b[36m<circle\u001b[39m\n            \u001b[33mcx\u001b[39m=\u001b[32m\"11\"\u001b[39m\n            \u001b[33mcy\u001b[39m=\u001b[32m\"11\"\u001b[39m\n            \u001b[33mr\u001b[39m=\u001b[32m\"8\"\u001b[39m\n          \u001b[36m/>\u001b[39m\n        \u001b[36m</svg>\u001b[39m\n      \u001b[36m</div>\u001b[39m\n      \u001b[36m<div\u001b[39m\n        \u001b[33mclass\u001b[39m=\u001b[32m\"space-y-1.5\"\u001b[39m\n      \u001b[36m>\u001b[39m\n        \u001b[36m<span\u001b[39m\n          \u001b[33mclass\u001b[39m=\u001b[32m\"text-[10px] text-slate-500 font-bold uppercase tracking-wider\"\u001b[39m\n        \u001b[36m>\u001b[39m\n          \u001b[0mProduct Filter Type\u001b[0m\n        \u001b[36m</span>\u001b[39m\n        \u001b[36m<div\u001b[39m\n          \u001b[33mclass\u001b[39m=\u001b[32m\"flex flex-wrap gap-2 mt-2\"\u001b[39m\n        \u001b[36m>\u001b[39m\n          \u001b[36m<span\u001b[39m\n            \u001b[33mclass\u001b[39m=\u001b[32m\"group/badge inline-flex h-5 w-fit shrink-0 items-center justify-center gap-1 overflow-hidden rounded-4xl border border-transparent whitespace-nowrap focus-visible:border-ring focus-visible:ring-[3px] focus-visible:ring-ring/50 has-data-[icon=inline-end]:pr-1.5 has-data-[icon=inline-start]:pl-1.5 aria-invalid:border-destructive aria-invalid:ring-destructive/20 dark:aria-invalid:ring-destructive/40 [&>svg]:pointer-events-none [&>svg]:size-3! [a]:hover:bg-primary/80 cursor-pointer px-3 py-1 text-xs font-semibold transition-colors bg-brand-600 hover:bg-brand-700 text-white\"\u001b[39m\n            \u001b[33mdata-slot\u001b[39m=\u001b[32m\"badge\"\u001b[39m\n            \u001b[33mdata-variant\u001b[39m=\u001b[32m\"default\"\u001b[39m\n          \u001b[36m>\u001b[39m\n            \u001b[0mAll Types\u001b[0m\n          \u001b[36m</span>\u001b[39m\n          \u001b[36m<span\u001b[39m\n            \u001b[33mclass\u001b[39m=\u001b[32m\"group/badge inline-flex h-5 w-fit shrink-0 items-center justify-center gap-1 overflow-hidden rounded-4xl border whitespace-nowrap focus-visible:border-ring focus-visible:ring-[3px] focus-visible:ring-ring/50 has-data-[icon=inline-end]:pr-1.5 has-data-[icon=inline-start]:pl-1.5 aria-invalid:border-destructive aria-invalid:ring-destructive/20 dark:aria-invalid:ring-destructive/40 [&>svg]:pointer-events-none [&>svg]:size-3! border-border [a]:hover:bg-muted [a]:hover:text-muted-foreground cursor-pointer px-3 py-1 text-xs font-semibold transition-colors text-slate-600 dark:text-slate-400\"\u001b[39m\n            \u001b[33mdata-slot\u001b[39m=\u001b[32m\"badge\"\u001b[39m\n            \u001b[33mdata-variant\u001b[39m=\u001b[32m\"outline\"\u001b[39m\n          \u001b[36m>\u001b[39m\n            \u001b[0mDevices\u001b[0m\n          \u001b[36m</span>\u001b[39m\n          \u001b[36m<span\u001b[39m\n            \u001b[33mclass\u001b[39m=\u001b[32m\"group/badge inline-flex h-5 w-fit shrink-0 items-center justify-center gap-1 overflow-hidden rounded-4xl border whitespace-nowrap focus-visible:border-ring focus-visible:ring-[3px] focus-visible:ring-ring/50 has-data-[icon=inline-end]:pr-1.5 has-data-[icon=inline-start]:pl-1.5 aria-invalid:border-destructive aria-invalid:ring-destructive/20 dark:aria-invalid:ring-destructive/40 [&>svg]:pointer-events-none [&>svg]:size-3! border-border [a]:hover:bg-muted [a]:hover:text-muted-foreground cursor-pointer px-3 py-1 text-xs font-semibold transition-colors text-slate-600 dark:text-slate-400\"\u001b[39m\n            \u001b[33mdata-slot\u001b[39m=\u001b[32m\"badge\"\u001b[39m\n            \u001b[33mdata-variant\u001b[39m=\u001b[32m\"outline\"\u001b[39m\n          \u001b[36m>\u001b[39m\n            \u001b[0mBlogs\u001b[0m\n          \u001b[36m</span>\u001b[39m\n        \u001b[36m</div>\u001b[39m\n      \u001b[36m</div>\u001b[39m\n    \u001b[36m</div>\u001b[39m\n  \u001b[36m</div>\u001b[39m\n\u001b[36m</body>\u001b[39m\n    at Object.getElementError (/home/leonard/Desktop/Web Development/mordern-web/sphinix-mobile/node_modules/@testing-library/dom/dist/config.js:37:19)\n    at /home/leonard/Desktop/Web Development/mordern-web/sphinix-mobile/node_modules/@testing-library/dom/dist/query-helpers.js:76:38\n    at /home/leonard/Desktop/Web Development/mordern-web/sphinix-mobile/node_modules/@testing-library/dom/dist/query-helpers.js:52:17\n    at /home/leonard/Desktop/Web Development/mordern-web/sphinix-mobile/node_modules/@testing-library/dom/dist/query-helpers.js:95:19\n    at /home/leonard/Desktop/Web Development/mordern-web/sphinix-mobile/__tests__/Search.test.jsx:17:19\n    at file:///home/leonard/Desktop/Web%20Development/mordern-web/sphinix-mobile/node_modules/@vitest/runner/dist/chunk-artifact.js:302:11\n    at file:///home/leonard/Desktop/Web%20Development/mordern-web/sphinix-mobile/node_modules/@vitest/runner/dist/chunk-artifact.js:1903:26\n    at file:///home/leonard/Desktop/Web%20Development/mordern-web/sphinix-mobile/node_modules/@vitest/runner/dist/chunk-artifact.js:2326:20\n    at new Promise (<anonymous>)\n    at runWithCancel (file:///home/leonard/Desktop/Web%20Development/mordern-web/sphinix-mobile/node_modules/@vitest/runner/dist/chunk-artifact.js:2323:10)"],"meta":{},"tags":[]},{"ancestorTitles":["Search Component"],"fullName":"Search Component opens autocomplete dropdown when typing","status":"failed","title":"opens autocomplete dropdown when typing","duration":8.907261999999946,"failureMessages":["TestingLibraryElementError: Unable to find an element with the placeholder text of: /Search devices, laptops/i\n\nIgnored nodes: comments, script, style\n\u001b[36m<body>\u001b[39m\n  \u001b[36m<div>\u001b[39m\n    \u001b[36m<div\u001b[39m\n      \u001b[33mclass\u001b[39m=\u001b[32m\"rounded-2xl bg-white dark:bg-slate-900 border border-slate-200 dark:border-slate-800 p-5 space-y-4 shadow-sm relative z-40\"\u001b[39m\n    \u001b[36m>\u001b[39m\n      \u001b[36m<h3\u001b[39m\n        \u001b[33mclass\u001b[39m=\u001b[32m\"text-base font-bold text-slate-900 dark:text-white tracking-tight\"\u001b[39m\n      \u001b[36m>\u001b[39m\n        \u001b[0mSearch Database\u001b[0m\n      \u001b[36m</h3>\u001b[39m\n      \u001b[36m<div\u001b[39m\n        \u001b[33mclass\u001b[39m=\u001b[32m\"relative\"\u001b[39m\n      \u001b[36m>\u001b[39m\n        \u001b[36m<input\u001b[39m\n          \u001b[33mclass\u001b[39m=\u001b[32m\"min-w-0 border px-2.5 py-1 outline-none file:inline-flex file:h-6 file:border-0 file:bg-transparent file:text-sm file:font-medium file:text-foreground focus-visible:border-ring disabled:pointer-events-none disabled:cursor-not-allowed disabled:bg-input/50 disabled:opacity-50 aria-invalid:border-destructive aria-invalid:ring-3 aria-invalid:ring-destructive/20 md:text-sm dark:disabled:bg-input/80 dark:aria-invalid:border-destructive/50 dark:aria-invalid:ring-destructive/40 w-full bg-slate-50 dark:bg-slate-950 border-slate-200 dark:border-slate-800 rounded-xl h-12 pl-10 pr-16 text-sm text-slate-800 dark:text-slate-100 placeholder:text-slate-500 focus-visible:ring-1 focus-visible:ring-brand-500 transition-colors\"\u001b[39m\n          \u001b[33mdata-slot\u001b[39m=\u001b[32m\"input\"\u001b[39m\n          \u001b[33mid\u001b[39m=\u001b[32m\"base-ui-_r_1_\"\u001b[39m\n          \u001b[33mplaceholder\u001b[39m=\u001b[32m\"Search model, brand, processor...\"\u001b[39m\n          \u001b[33mtype\u001b[39m=\u001b[32m\"text\"\u001b[39m\n          \u001b[33mvalue\u001b[39m=\u001b[32m\"\"\u001b[39m\n        \u001b[36m/>\u001b[39m\n        \u001b[36m<svg\u001b[39m\n          \u001b[33maria-hidden\u001b[39m=\u001b[32m\"true\"\u001b[39m\n          \u001b[33mclass\u001b[39m=\u001b[32m\"lucide lucide-search absolute left-3.5 top-1/2 -translate-y-1/2 w-4 h-4 text-slate-500\"\u001b[39m\n          \u001b[33mfill\u001b[39m=\u001b[32m\"none\"\u001b[39m\n          \u001b[33mheight\u001b[39m=\u001b[32m\"24\"\u001b[39m\n          \u001b[33mstroke\u001b[39m=\u001b[32m\"currentColor\"\u001b[39m\n          \u001b[33mstroke-linecap\u001b[39m=\u001b[32m\"round\"\u001b[39m\n          \u001b[33mstroke-linejoin\u001b[39m=\u001b[32m\"round\"\u001b[39m\n          \u001b[33mstroke-width\u001b[39m=\u001b[32m\"2\"\u001b[39m\n          \u001b[33mviewBox\u001b[39m=\u001b[32m\"0 0 24 24\"\u001b[39m\n          \u001b[33mwidth\u001b[39m=\u001b[32m\"24\"\u001b[39m\n          \u001b[33mxmlns\u001b[39m=\u001b[32m\"http://www.w3.org/2000/svg\"\u001b[39m\n        \u001b[36m>\u001b[39m\n          \u001b[36m<path\u001b[39m\n            \u001b[33md\u001b[39m=\u001b[32m\"m21 21-4.34-4.34\"\u001b[39m\n          \u001b[36m/>\u001b[39m\n          \u001b[36m<circle\u001b[39m\n            \u001b[33mcx\u001b[39m=\u001b[32m\"11\"\u001b[39m\n            \u001b[33mcy\u001b[39m=\u001b[32m\"11\"\u001b[39m\n            \u001b[33mr\u001b[39m=\u001b[32m\"8\"\u001b[39m\n          \u001b[36m/>\u001b[39m\n        \u001b[36m</svg>\u001b[39m\n      \u001b[36m</div>\u001b[39m\n      \u001b[36m<div\u001b[39m\n        \u001b[33mclass\u001b[39m=\u001b[32m\"space-y-1.5\"\u001b[39m\n      \u001b[36m>\u001b[39m\n        \u001b[36m<span\u001b[39m\n          \u001b[33mclass\u001b[39m=\u001b[32m\"text-[10px] text-slate-500 font-bold uppercase tracking-wider\"\u001b[39m\n        \u001b[36m>\u001b[39m\n          \u001b[0mProduct Filter Type\u001b[0m\n        \u001b[36m</span>\u001b[39m\n        \u001b[36m<div\u001b[39m\n          \u001b[33mclass\u001b[39m=\u001b[32m\"flex flex-wrap gap-2 mt-2\"\u001b[39m\n        \u001b[36m>\u001b[39m\n          \u001b[36m<span\u001b[39m\n            \u001b[33mclass\u001b[39m=\u001b[32m\"group/badge inline-flex h-5 w-fit shrink-0 items-center justify-center gap-1 overflow-hidden rounded-4xl border border-transparent whitespace-nowrap focus-visible:border-ring focus-visible:ring-[3px] focus-visible:ring-ring/50 has-data-[icon=inline-end]:pr-1.5 has-data-[icon=inline-start]:pl-1.5 aria-invalid:border-destructive aria-invalid:ring-destructive/20 dark:aria-invalid:ring-destructive/40 [&>svg]:pointer-events-none [&>svg]:size-3! [a]:hover:bg-primary/80 cursor-pointer px-3 py-1 text-xs font-semibold transition-colors bg-brand-600 hover:bg-brand-700 text-white\"\u001b[39m\n            \u001b[33mdata-slot\u001b[39m=\u001b[32m\"badge\"\u001b[39m\n            \u001b[33mdata-variant\u001b[39m=\u001b[32m\"default\"\u001b[39m\n          \u001b[36m>\u001b[39m\n            \u001b[0mAll Types\u001b[0m\n          \u001b[36m</span>\u001b[39m\n          \u001b[36m<span\u001b[39m\n            \u001b[33mclass\u001b[39m=\u001b[32m\"group/badge inline-flex h-5 w-fit shrink-0 items-center justify-center gap-1 overflow-hidden rounded-4xl border whitespace-nowrap focus-visible:border-ring focus-visible:ring-[3px] focus-visible:ring-ring/50 has-data-[icon=inline-end]:pr-1.5 has-data-[icon=inline-start]:pl-1.5 aria-invalid:border-destructive aria-invalid:ring-destructive/20 dark:aria-invalid:ring-destructive/40 [&>svg]:pointer-events-none [&>svg]:size-3! border-border [a]:hover:bg-muted [a]:hover:text-muted-foreground cursor-pointer px-3 py-1 text-xs font-semibold transition-colors text-slate-600 dark:text-slate-400\"\u001b[39m\n            \u001b[33mdata-slot\u001b[39m=\u001b[32m\"badge\"\u001b[39m\n            \u001b[33mdata-variant\u001b[39m=\u001b[32m\"outline\"\u001b[39m\n          \u001b[36m>\u001b[39m\n            \u001b[0mDevices\u001b[0m\n          \u001b[36m</span>\u001b[39m\n          \u001b[36m<span\u001b[39m\n            \u001b[33mclass\u001b[39m=\u001b[32m\"group/badge inline-flex h-5 w-fit shrink-0 items-center justify-center gap-1 overflow-hidden rounded-4xl border whitespace-nowrap focus-visible:border-ring focus-visible:ring-[3px] focus-visible:ring-ring/50 has-data-[icon=inline-end]:pr-1.5 has-data-[icon=inline-start]:pl-1.5 aria-invalid:border-destructive aria-invalid:ring-destructive/20 dark:aria-invalid:ring-destructive/40 [&>svg]:pointer-events-none [&>svg]:size-3! border-border [a]:hover:bg-muted [a]:hover:text-muted-foreground cursor-pointer px-3 py-1 text-xs font-semibold transition-colors text-slate-600 dark:text-slate-400\"\u001b[39m\n            \u001b[33mdata-slot\u001b[39m=\u001b[32m\"badge\"\u001b[39m\n            \u001b[33mdata-variant\u001b[39m=\u001b[32m\"outline\"\u001b[39m\n          \u001b[36m>\u001b[39m\n            \u001b[0mBlogs\u001b[0m\n          \u001b[36m</span>\u001b[39m\n        \u001b[36m</div>\u001b[39m\n      \u001b[36m</div>\u001b[39m\n    \u001b[36m</div>\u001b[39m\n  \u001b[36m</div>\u001b[39m\n\u001b[36m</body>\u001b[39m\n    at Object.getElementError (/home/leonard/Desktop/Web Development/mordern-web/sphinix-mobile/node_modules/@testing-library/dom/dist/config.js:37:19)\n    at /home/leonard/Desktop/Web Development/mordern-web/sphinix-mobile/node_modules/@testing-library/dom/dist/query-helpers.js:76:38\n    at /home/leonard/Desktop/Web Development/mordern-web/sphinix-mobile/node_modules/@testing-library/dom/dist/query-helpers.js:52:17\n    at /home/leonard/Desktop/Web Development/mordern-web/sphinix-mobile/node_modules/@testing-library/dom/dist/query-helpers.js:95:19\n    at /home/leonard/Desktop/Web Development/mordern-web/sphinix-mobile/__tests__/Search.test.jsx:24:26\n    at file:///home/leonard/Desktop/Web%20Development/mordern-web/sphinix-mobile/node_modules/@vitest/runner/dist/chunk-artifact.js:302:11\n    at file:///home/leonard/Desktop/Web%20Development/mordern-web/sphinix-mobile/node_modules/@vitest/runner/dist/chunk-artifact.js:1903:26\n    at file:///home/leonard/Desktop/Web%20Development/mordern-web/sphinix-mobile/node_modules/@vitest/runner/dist/chunk-artifact.js:2326:20\n    at new Promise (<anonymous>)\n    at runWithCancel (file:///home/leonard/Desktop/Web%20Development/mordern-web/sphinix-mobile/node_modules/@vitest/runner/dist/chunk-artifact.js:2323:10)"],"meta":{},"tags":[]},{"ancestorTitles":["Search Component"],"fullName":"Search Component changes active scope when scope buttons are clicked","status":"failed","title":"changes active scope when scope buttons are clicked","duration":151.59948800000006,"failureMessages":["TestingLibraryElementError: Unable to find an accessible element with the role \"button\" and name `/Devices/i`\n\nHere are the accessible roles:\n\n  heading:\n\n  Name \"Search Database\":\n  \u001b[36m<h3\u001b[39m\n    \u001b[33mclass\u001b[39m=\u001b[32m\"text-base font-bold text-slate-900 dark:text-white tracking-tight\"\u001b[39m\n  \u001b[36m/>\u001b[39m\n\n  --------------------------------------------------\n  textbox:\n\n  Name \"\":\n  \u001b[36m<input\u001b[39m\n    \u001b[33mclass\u001b[39m=\u001b[32m\"min-w-0 border px-2.5 py-1 outline-none file:inline-flex file:h-6 file:border-0 file:bg-transparent file:text-sm file:font-medium file:text-foreground focus-visible:border-ring disabled:pointer-events-none disabled:cursor-not-allowed disabled:bg-input/50 disabled:opacity-50 aria-invalid:border-destructive aria-invalid:ring-3 aria-invalid:ring-destructive/20 md:text-sm dark:disabled:bg-input/80 dark:aria-invalid:border-destructive/50 dark:aria-invalid:ring-destructive/40 w-full bg-slate-50 dark:bg-slate-950 border-slate-200 dark:border-slate-800 rounded-xl h-12 pl-10 pr-16 text-sm text-slate-800 dark:text-slate-100 placeholder:text-slate-500 focus-visible:ring-1 focus-visible:ring-brand-500 transition-colors\"\u001b[39m\n    \u001b[33mdata-slot\u001b[39m=\u001b[32m\"input\"\u001b[39m\n    \u001b[33mid\u001b[39m=\u001b[32m\"base-ui-_r_2_\"\u001b[39m\n    \u001b[33mplaceholder\u001b[39m=\u001b[32m\"Search model, brand, processor...\"\u001b[39m\n    \u001b[33mtype\u001b[39m=\u001b[32m\"text\"\u001b[39m\n    \u001b[33mvalue\u001b[39m=\u001b[32m\"Galaxy\"\u001b[39m\n  \u001b[36m/>\u001b[39m\n\n  --------------------------------------------------\n  button:\n\n  Name \"Clear\":\n  \u001b[36m<button\u001b[39m\n    \u001b[33mclass\u001b[39m=\u001b[32m\"group/button inline-flex shrink-0 items-center justify-center border border-transparent bg-clip-padding font-medium whitespace-nowrap transition-all outline-none select-none focus-visible:border-ring focus-visible:ring-3 focus-visible:ring-ring/50 active:not-aria-[haspopup]:translate-y-px disabled:pointer-events-none disabled:opacity-50 aria-invalid:border-destructive aria-invalid:ring-3 aria-invalid:ring-destructive/20 dark:aria-invalid:border-destructive/50 dark:aria-invalid:ring-destructive/40 [&_svg]:pointer-events-none [&_svg]:shrink-0 bg-secondary text-secondary-foreground hover:bg-[color-mix(in_oklch,var(--secondary),var(--foreground)_5%)] aria-expanded:bg-secondary aria-expanded:text-secondary-foreground gap-1 in-data-[slot=button-group]:rounded-lg has-data-[icon=inline-end]:pr-1.5 has-data-[icon=inline-start]:pl-1.5 [&_svg:not([class*='size-'])]:size-3.5 absolute right-2 top-1/2 -translate-y-1/2 h-8 px-2.5 text-xs rounded-lg\"\u001b[39m\n    \u001b[33mdata-slot\u001b[39m=\u001b[32m\"button\"\u001b[39m\n    \u001b[33mtabindex\u001b[39m=\u001b[32m\"0\"\u001b[39m\n    \u001b[33mtype\u001b[39m=\u001b[32m\"button\"\u001b[39m\n  \u001b[36m/>\u001b[39m\n\n  --------------------------------------------------\n\nIgnored nodes: comments, script, style\n\u001b[36m<body>\u001b[39m\n  \u001b[36m<div>\u001b[39m\n    \u001b[36m<div\u001b[39m\n      \u001b[33mclass\u001b[39m=\u001b[32m\"rounded-2xl bg-white dark:bg-slate-900 border border-slate-200 dark:border-slate-800 p-5 space-y-4 shadow-sm relative z-40\"\u001b[39m\n    \u001b[36m>\u001b[39m\n      \u001b[36m<h3\u001b[39m\n        \u001b[33mclass\u001b[39m=\u001b[32m\"text-base font-bold text-slate-900 dark:text-white tracking-tight\"\u001b[39m\n      \u001b[36m>\u001b[39m\n        \u001b[0mSearch Database\u001b[0m\n      \u001b[36m</h3>\u001b[39m\n      \u001b[36m<div\u001b[39m\n        \u001b[33mclass\u001b[39m=\u001b[32m\"relative\"\u001b[39m\n      \u001b[36m>\u001b[39m\n        \u001b[36m<input\u001b[39m\n          \u001b[33mclass\u001b[39m=\u001b[32m\"min-w-0 border px-2.5 py-1 outline-none file:inline-flex file:h-6 file:border-0 file:bg-transparent file:text-sm file:font-medium file:text-foreground focus-visible:border-ring disabled:pointer-events-none disabled:cursor-not-allowed disabled:bg-input/50 disabled:opacity-50 aria-invalid:border-destructive aria-invalid:ring-3 aria-invalid:ring-destructive/20 md:text-sm dark:disabled:bg-input/80 dark:aria-invalid:border-destructive/50 dark:aria-invalid:ring-destructive/40 w-full bg-slate-50 dark:bg-slate-950 border-slate-200 dark:border-slate-800 rounded-xl h-12 pl-10 pr-16 text-sm text-slate-800 dark:text-slate-100 placeholder:text-slate-500 focus-visible:ring-1 focus-visible:ring-brand-500 transition-colors\"\u001b[39m\n          \u001b[33mdata-slot\u001b[39m=\u001b[32m\"input\"\u001b[39m\n          \u001b[33mid\u001b[39m=\u001b[32m\"base-ui-_r_2_\"\u001b[39m\n          \u001b[33mplaceholder\u001b[39m=\u001b[32m\"Search model, brand, processor...\"\u001b[39m\n          \u001b[33mtype\u001b[39m=\u001b[32m\"text\"\u001b[39m\n          \u001b[33mvalue\u001b[39m=\u001b[32m\"Galaxy\"\u001b[39m\n        \u001b[36m/>\u001b[39m\n        \u001b[36m<svg\u001b[39m\n          \u001b[33maria-hidden\u001b[39m=\u001b[32m\"true\"\u001b[39m\n          \u001b[33mclass\u001b[39m=\u001b[32m\"lucide lucide-search absolute left-3.5 top-1/2 -translate-y-1/2 w-4 h-4 text-slate-500\"\u001b[39m\n          \u001b[33mfill\u001b[39m=\u001b[32m\"none\"\u001b[39m\n          \u001b[33mheight\u001b[39m=\u001b[32m\"24\"\u001b[39m\n          \u001b[33mstroke\u001b[39m=\u001b[32m\"currentColor\"\u001b[39m\n          \u001b[33mstroke-linecap\u001b[39m=\u001b[32m\"round\"\u001b[39m\n          \u001b[33mstroke-linejoin\u001b[39m=\u001b[32m\"round\"\u001b[39m\n          \u001b[33mstroke-width\u001b[39m=\u001b[32m\"2\"\u001b[39m\n          \u001b[33mviewBox\u001b[39m=\u001b[32m\"0 0 24 24\"\u001b[39m\n          \u001b[33mwidth\u001b[39m=\u001b[32m\"24\"\u001b[39m\n          \u001b[33mxmlns\u001b[39m=\u001b[32m\"http://www.w3.org/2000/svg\"\u001b[39m\n        \u001b[36m>\u001b[39m\n          \u001b[36m<path\u001b[39m\n            \u001b[33md\u001b[39m=\u001b[32m\"m21 21-4.34-4.34\"\u001b[39m\n          \u001b[36m/>\u001b[39m\n          \u001b[36m<circle\u001b[39m\n            \u001b[33mcx\u001b[39m=\u001b[32m\"11\"\u001b[39m\n            \u001b[33mcy\u001b[39m=\u001b[32m\"11\"\u001b[39m\n            \u001b[33mr\u001b[39m=\u001b[32m\"8\"\u001b[39m\n          \u001b[36m/>\u001b[39m\n        \u001b[36m</svg>\u001b[39m\n        \u001b[36m<button\u001b[39m\n          \u001b[33mclass\u001b[39m=\u001b[32m\"group/button inline-flex shrink-0 items-center justify-center border border-transparent bg-clip-padding font-medium whitespace-nowrap transition-all outline-none select-none focus-visible:border-ring focus-visible:ring-3 focus-visible:ring-ring/50 active:not-aria-[haspopup]:translate-y-px disabled:pointer-events-none disabled:opacity-50 aria-invalid:border-destructive aria-invalid:ring-3 aria-invalid:ring-destructive/20 dark:aria-invalid:border-destructive/50 dark:aria-invalid:ring-destructive/40 [&_svg]:pointer-events-none [&_svg]:shrink-0 bg-secondary text-secondary-foreground hover:bg-[color-mix(in_oklch,var(--secondary),var(--foreground)_5%)] aria-expanded:bg-secondary aria-expanded:text-secondary-foreground gap-1 in-data-[slot=button-group]:rounded-lg has-data-[icon=inline-end]:pr-1.5 has-data-[icon=inline-start]:pl-1.5 [&_svg:not([class*='size-'])]:size-3.5 absolute right-2 top-1/2 -translate-y-1/2 h-8 px-2.5 text-xs rounded-lg\"\u001b[39m\n          \u001b[33mdata-slot\u001b[39m=\u001b[32m\"button\"\u001b[39m\n          \u001b[33mtabindex\u001b[39m=\u001b[32m\"0\"\u001b[39m\n          \u001b[33mtype\u001b[39m=\u001b[32m\"button\"\u001b[39m\n        \u001b[36m>\u001b[39m\n          \u001b[0mClear\u001b[0m\n        \u001b[36m</button>\u001b[39m\n      \u001b[36m</div>\u001b[39m\n      \u001b[36m<div\u001b[39m\n        \u001b[33mclass\u001b[39m=\u001b[32m\"space-y-1.5\"\u001b[39m\n      \u001b[36m>\u001b[39m\n        \u001b[36m<span\u001b[39m\n          \u001b[33mclass\u001b[39m=\u001b[32m\"text-[10px] text-slate-500 font-bold uppercase tracking-wider\"\u001b[39m\n        \u001b[36m>\u001b[39m\n          \u001b[0mProduct Filter Type\u001b[0m\n        \u001b[36m</span>\u001b[39m\n        \u001b[36m<div\u001b[39m\n          \u001b[33mclass\u001b[39m=\u001b[32m\"flex flex-wrap gap-2 mt-2\"\u001b[39m\n        \u001b[36m>\u001b[39m\n          \u001b[36m<span\u001b[39m\n            \u001b[33mclass\u001b[39m=\u001b[32m\"group/badge inline-flex h-5 w-fit shrink-0 items-center justify-center gap-1 overflow-hidden rounded-4xl border border-transparent whitespace-nowrap focus-visible:border-ring focus-visible:ring-[3px] focus-visible:ring-ring/50 has-data-[icon=inline-end]:pr-1.5 has-data-[icon=inline-start]:pl-1.5 aria-invalid:border-destructive aria-invalid:ring-destructive/20 dark:aria-invalid:ring-destructive/40 [&>svg]:pointer-events-none [&>svg]:size-3! [a]:hover:bg-primary/80 cursor-pointer px-3 py-1 text-xs font-semibold transition-colors bg-brand-600 hover:bg-brand-700 text-white\"\u001b[39m\n            \u001b[33mdata-slot\u001b[39m=\u001b[32m\"badge\"\u001b[39m\n            \u001b[33mdata-variant\u001b[39m=\u001b[32m\"default\"\u001b[39m\n          \u001b[36m>\u001b[39m\n            \u001b[0mAll Types\u001b[0m\n          \u001b[36m</span>\u001b[39m\n          \u001b[36m<span\u001b[39m\n            \u001b[33mclass\u001b[39m=\u001b[32m\"group/badge inline-flex h-5 w-fit shrink-0 items-center justify-center gap-1 overflow-hidden rounded-4xl border whitespace-nowrap focus-visible:border-ring focus-visible:ring-[3px] focus-visible:ring-ring/50 has-data-[icon=inline-end]:pr-1.5 has-data-[icon=inline-start]:pl-1.5 aria-invalid:border-destructive aria-invalid:ring-destructive/20 dark:aria-invalid:ring-destructive/40 [&>svg]:pointer-events-none [&>svg]:size-3! border-border [a]:hover:bg-muted [a]:hover:text-muted-foreground cursor-pointer px-3 py-1 text-xs font-semibold transition-colors text-slate-600 dark:text-slate-400\"\u001b[39m\n            \u001b[33mdata-slot\u001b[39m=\u001b[32m\"badge\"\u001b[39m\n            \u001b[33mdata-variant\u001b[39m=\u001b[32m\"outline\"\u001b[39m\n          \u001b[36m>\u001b[39m\n            \u001b[0mDevices\u001b[0m\n          \u001b[36m</span>\u001b[39m\n          \u001b[36m<span\u001b[39m\n            \u001b[33mclass\u001b[39m=\u001b[32m\"group/badge inline-flex h-5 w-fit shrink-0 items-center justify-center gap-1 overflow-hidden rounded-4xl border whitespace-nowrap focus-visible:border-ring focus-visible:ring-[3px] focus-visible:ring-ring/50 has-data-[icon=inline-end]:pr-1.5 has-data-[icon=inline-start]:pl-1.5 aria-invalid:border-destructive aria-invalid:ring-destructive/20 dark:aria-invalid:ring-destructive/40 [&>svg]:pointer-events-none [&>svg]:size-3! border-border [a]:hover:bg-muted [a]:hover:text-muted-foreground cursor-pointer px-3 py-1 text-xs font-semibold transition-colors text-slate-600 dark:text-slate-400\"\u001b[39m\n            \u001b[33mdata-slot\u001b[39m=\u001b[32m\"badge\"\u001b[39m\n            \u001b[33mdata-variant\u001b[39m=\u001b[32m\"outline\"\u001b[39m\n          \u001b[36m>\u001b[39m\n            \u001b[0mBlogs\u001b[0m\n          \u001b[36m</span>\u001b[39m\n        \u001b[36m</div>\u001b[39m\n      \u001b[36m</div>\u001b[39m\n    \u001b[36m</div>\u001b[39m\n  \u001b[36m</div>\u001b[39m\n\u001b[36m</body>\u001b[39m\n    at Object.getElementError (/home/leonard/Desktop/Web Development/mordern-web/sphinix-mobile/node_modules/@testing-library/dom/dist/config.js:37:19)\n    at /home/leonard/Desktop/Web Development/mordern-web/sphinix-mobile/node_modules/@testing-library/dom/dist/query-helpers.js:76:38\n    at /home/leonard/Desktop/Web Development/mordern-web/sphinix-mobile/node_modules/@testing-library/dom/dist/query-helpers.js:52:17\n    at /home/leonard/Desktop/Web Development/mordern-web/sphinix-mobile/node_modules/@testing-library/dom/dist/query-helpers.js:95:19\n    at /home/leonard/Desktop/Web Development/mordern-web/sphinix-mobile/__tests__/Search.test.jsx:43:31\n    at file:///home/leonard/Desktop/Web%20Development/mordern-web/sphinix-mobile/node_modules/@vitest/runner/dist/chunk-artifact.js:302:11\n    at file:///home/leonard/Desktop/Web%20Development/mordern-web/sphinix-mobile/node_modules/@vitest/runner/dist/chunk-artifact.js:1903:26\n    at file:///home/leonard/Desktop/Web%20Development/mordern-web/sphinix-mobile/node_modules/@vitest/runner/dist/chunk-artifact.js:2326:20\n    at new Promise (<anonymous>)\n    at runWithCancel (file:///home/leonard/Desktop/Web%20Development/mordern-web/sphinix-mobile/node_modules/@vitest/runner/dist/chunk-artifact.js:2323:10)"],"meta":{},"tags":[]}],"startTime":1782940677132,"endTime":1782940677358.5996,"status":"failed","message":"","name":"/home/leonard/Desktop/Web Development/mordern-web/sphinix-mobile/__tests__/Search.test.jsx"}]}
